Arguments: 
  C:\Program Files\nodejs\node.exe C:\Users\mi\AppData\Roaming\npm\node_modules\yarn\bin\yarn.js

PATH: 
  C:\Program Files\Common Files\Oracle\Java\javapath;C:\Program Files (x86)\Intel\Intel(R) Management Engine Components\iCLS\;C:\Program Files\Intel\Intel(R) Management Engine Components\iCLS\;C:\Windows\system32;C:\Windows;C:\Windows\System32\Wbem;C:\Windows\System32\WindowsPowerShell\v1.0\;C:\Windows\System32\OpenSSH\;C:\Program Files (x86)\Intel\Intel(R) Management Engine Components\DAL;C:\Program Files\Intel\Intel(R) Management Engine Components\DAL;C:\Program Files (x86)\Intel\Intel(R) Management Engine Components\IPT;C:\Program Files\Intel\Intel(R) Management Engine Components\IPT;C:\Program Files (x86)\NVIDIA Corporation\PhysX\Common;C:\Program Files\NVIDIA Corporation\NVIDIA NvDLISR;C:\Program Files\Intel\WiFi\bin\;C:\Program Files\Common Files\Intel\WirelessCommon\;C:\Program Files\Git\cmd;C:\WINDOWS\system32;C:\WINDOWS;C:\WINDOWS\System32\Wbem;C:\WINDOWS\System32\WindowsPowerShell\v1.0\;C:\WINDOWS\System32\OpenSSH\;C:\Program Files\MongoDB\Server\4.4\bin;;C:\Program Files\Microsoft VS Code\bin;C:\Program Files\nodejs\;C:\Users\mi\AppData\Local\Microsoft\WindowsApps;C:\Users\mi\AppData\Local\Programs\Microsoft VS Code\bin;;C:\Program Files\JetBrains\IntelliJ IDEA 2020.1\bin;;C:\Users\mi\AppData\Roaming\npm

Yarn version: 
  1.22.18

Node version: 
  16.14.2

Platform: 
  win32 x64

Trace: 
  SyntaxError: C:\workspace\LoachMemory\package.json: Unexpected token } in JSON at position 800
      at JSON.parse (<anonymous>)
      at C:\Users\mi\AppData\Roaming\npm\node_modules\yarn\lib\cli.js:1625:59
      at Generator.next (<anonymous>)
      at step (C:\Users\mi\AppData\Roaming\npm\node_modules\yarn\lib\cli.js:310:30)
      at C:\Users\mi\AppData\Roaming\npm\node_modules\yarn\lib\cli.js:321:13

npm manifest: 
  {
    "name": "LoachMemory",
    "version": "1.0.0",
    "description": "泥鳅记忆",
    "main": "index.js",
    "directories": {
      "doc": "doc"
    },
    "scripts": {
      "test": "echo \"Error: no test specified\" && exit 1",
      "build": "babel src/es6 -d dist",
      "docs:dev": "vitepress dev docs",
      "docs:build": "vitepress build docs",
      "docs:serve": "vitepress serve docs"
    },
    "repository": {
      "type": "git",
      "url": "git+https://github.com/zhaozg117/LoachMemory.git"
    },
    "keywords": [],
    "author": "",
    "license": "ISC",
    "bugs": {
      "url": "https://github.com/zhaozg117/LoachMemory/issues"
    },
    "homepage": "https://github.com/zhaozg117/LoachMemory#readme",
    "devDependencies": {
      "@babel/cli": "^7.17.6",
      "@babel/core": "^7.17.8",
      "@babel/preset-env": "^7.16.11"
    },
  
  }

yarn manifest: 
  No manifest

Lockfile: 
  No lockfile
